sPenHelper/build/outputs/logs/manifest-merger-debug-report.txt
-- Merging decision tree log ---
manifest
ADDED from src\main\AndroidManifest.xml:2:1-146:12
	package
		ADDED from src\main\AndroidManifest.xml:3:5-37
		INJECTED from src\main\AndroidManifest.xml
		INJECTED from src\main\AndroidManifest.xml
	android:versionName
		ADDED from src\main\AndroidManifest.xml:5:5-32
		INJECTED from src\main\AndroidManifest.xml
		INJECTED from src\main\AndroidManifest.xml
	android:versionCode
		ADDED from src\main\AndroidManifest.xml:4:5-29
		INJECTED from src\main\AndroidManifest.xml
		INJECTED from src\main\AndroidManifest.xml
	xmlns:android
		ADDED from src\main\AndroidManifest.xml:2:11-69
uses-permission#android.permission.RECEIVE_BOOT_COMPLETED
ADDED from src\main\AndroidManifest.xml:7:5-81
	android:name
		ADDED from src\main\AndroidManifest.xml:7:22-78
uses-permission#android.permission.GET_TASKS
ADDED from src\main\AndroidManifest.xml:8:5-68
	android:name
		ADDED from src\main\AndroidManifest.xml:8:22-65
uses-permission#android.permission.READ_PHONE_STATE
ADDED from src\main\AndroidManifest.xml:9:5-75
	android:name
		ADDED from src\main\AndroidManifest.xml:9:22-72
uses-permission#android.permission.BLUETOOTH
ADDED from src\main\AndroidManifest.xml:10:5-68
	android:name
		ADDED from src\main\AndroidManifest.xml:10:22-65
uses-permission#android.permission.READ_EXTERNAL_STORAGE
ADDED from src\main\AndroidManifest.xml:11:5-80
	android:name
		ADDED from src\main\AndroidManifest.xml:11:22-77
uses-permission#android.permission.BIND_ACCESSIBILITY_SERVICE
ADDED from src\main\AndroidManifest.xml:12:5-85
	android:name
		ADDED from src\main\AndroidManifest.xml:12:22-82
application
ADDED from src\main\AndroidManifest.xml:14:5-144:19
	android:label
		ADDED from src\main\AndroidManifest.xml:17:9-41
	android:allowBackup
		ADDED from src\main\AndroidManifest.xml:15:9-35
	android:icon
		ADDED from src\main\AndroidManifest.xml:16:9-45
activity#com.tushar.spen_helper.MainActivity
ADDED from src\main\AndroidManifest.xml:18:9-27:20
	android:label
		ADDED from src\main\AndroidManifest.xml:20:13-45
	android:launchMode
		ADDED from src\main\AndroidManifest.xml:21:13-42
	android:name
		ADDED from src\main\AndroidManifest.xml:19:13-41
intent-filter#android.intent.action.MAIN+android.intent.category.LAUNCHER
ADDED from src\main\AndroidManifest.xml:22:13-26:29
action#android.intent.action.MAIN
ADDED from src\main\AndroidManifest.xml:23:17-69
	android:name
		ADDED from src\main\AndroidManifest.xml:23:25-66
category#android.intent.category.LAUNCHER
ADDED from src\main\AndroidManifest.xml:25:17-77
	android:name
		ADDED from src\main\AndroidManifest.xml:25:27-74
service#com.tushar.spen_helper.SPenService
ADDED from src\main\AndroidManifest.xml:29:9-39:19
	android:permission
		ADDED from src\main\AndroidManifest.xml:31:13-79
	android:name
		ADDED from src\main\AndroidManifest.xml:30:13-40
intent-filter#android.accessibilityservice.AccessibilityService
ADDED from src\main\AndroidManifest.xml:32:13-34:29
action#android.accessibilityservice.AccessibilityService
ADDED from src\main\AndroidManifest.xml:33:17-92
	android:name
		ADDED from src\main\AndroidManifest.xml:33:25-89
meta-data#android.accessibilityservice
ADDED from src\main\AndroidManifest.xml:36:13-38:64
	android:resource
		ADDED from src\main\AndroidManifest.xml:38:17-61
	android:name
		ADDED from src\main\AndroidManifest.xml:37:17-60
activity#com.tushar.spen_helper.launchalot
ADDED from src\main\AndroidManifest.xml:41:9-45:20
	android:label
		ADDED from src\main\AndroidManifest.xml:44:13-47
	android:icon
		ADDED from src\main\AndroidManifest.xml:43:13-50
	android:name
		ADDED from src\main\AndroidManifest.xml:42:13-39
activity#com.tushar.spen_helper.Shortcuts
ADDED from src\main\AndroidManifest.xml:46:9-47:20
	android:name
		ADDED from src\main\AndroidManifest.xml:46:19-44
activity#com.tushar.spen_helper.Actions
ADDED from src\main\AndroidManifest.xml:48:9-52:20
	android:label
		ADDED from src\main\AndroidManifest.xml:50:13-42
	android:theme
		ADDED from src\main\AndroidManifest.xml:51:13-50
	android:name
		ADDED from src\main\AndroidManifest.xml:49:13-36
receiver#com.tushar.spen_helper.BootReceiver
ADDED from src\main\AndroidManifest.xml:54:9-67:20
	android:enabled
		ADDED from src\main\AndroidManifest.xml:56:13-35
	android:exported
		ADDED from src\main\AndroidManifest.xml:57:13-36
	android:name
		ADDED from src\main\AndroidManifest.xml:55:13-41
intent-filter#android.intent.action.BOOT_COMPLETED+com.tushar.cm_spen.BUTTON_ACTIVATE
ADDED from src\main\AndroidManifest.xml:58:13-61:29
action#android.intent.action.BOOT_COMPLETED
ADDED from src\main\AndroidManifest.xml:59:17-79
	android:name
		ADDED from src\main\AndroidManifest.xml:59:25-76
action#com.tushar.cm_spen.BUTTON_ACTIVATE
ADDED from src\main\AndroidManifest.xml:60:17-77
	android:name
		ADDED from src\main\AndroidManifest.xml:60:25-74
intent-filter#android.intent.action.PACKAGE_FULLY_REMOVED
ADDED from src\main\AndroidManifest.xml:62:13-66:29
action#android.intent.action.PACKAGE_FULLY_REMOVED
ADDED from src\main\AndroidManifest.xml:63:17-86
	android:name
		ADDED from src\main\AndroidManifest.xml:63:25-83
data
ADDED from src\main\AndroidManifest.xml:65:17-50
	android:scheme
		ADDED from src\main\AndroidManifest.xml:65:23-47
activity#com.tushar.spen_helper.EditActivity
ADDED from src\main\AndroidManifest.xml:69:9-76:20
	android:label
		ADDED from src\main\AndroidManifest.xml:72:13-39
	android:exported
		ADDED from src\main\AndroidManifest.xml:71:13-36
	android:name
		ADDED from src\main\AndroidManifest.xml:70:13-41
intent-filter#com.twofortyfouram.locale.intent.action.EDIT_CONDITION
ADDED from src\main\AndroidManifest.xml:73:13-75:29
action#com.twofortyfouram.locale.intent.action.EDIT_CONDITION
ADDED from src\main\AndroidManifest.xml:74:17-97
	android:name
		ADDED from src\main\AndroidManifest.xml:74:25-94
activity#com.ipaulpro.afilechooser.FileChooserActivity
ADDED from src\main\AndroidManifest.xml:77:9-82:60
	android:label
		ADDED from src\main\AndroidManifest.xml:80:13-48
	android:uiOptions
		ADDED from src\main\AndroidManifest.xml:82:13-57
	android:icon
		ADDED from src\main\AndroidManifest.xml:79:13-48
	android:theme
		ADDED from src\main\AndroidManifest.xml:81:13-54
	android:name
		ADDED from src\main\AndroidManifest.xml:78:13-73
receiver#com.tushar.spen_helper.QueryReceiver
ADDED from src\main\AndroidManifest.xml:84:9-90:20
	android:exported
		ADDED from src\main\AndroidManifest.xml:86:13-36
	android:name
		ADDED from src\main\AndroidManifest.xml:85:13-42
intent-filter#com.twofortyfouram.locale.intent.action.QUERY_CONDITION
ADDED from src\main\AndroidManifest.xml:87:13-89:29
action#com.twofortyfouram.locale.intent.action.QUERY_CONDITION
ADDED from src\main\AndroidManifest.xml:88:17-98
	android:name
		ADDED from src\main\AndroidManifest.xml:88:25-95
service#com.tushar.spen_helper.HeadsetService
ADDED from src\main\AndroidManifest.xml:92:9-96:19
	android:enabled
		ADDED from src\main\AndroidManifest.xml:94:13-35
	android:exported
		ADDED from src\main\AndroidManifest.xml:95:13-36
	android:name
		ADDED from src\main\AndroidManifest.xml:93:13-43
service#com.tushar.spen_helper.ExecuteAction
ADDED from src\main\AndroidManifest.xml:97:9-101:19
	android:enabled
		ADDED from src\main\AndroidManifest.xml:99:13-35
	android:exported
		ADDED from src\main\AndroidManifest.xml:100:13-36
	android:name
		ADDED from src\main\AndroidManifest.xml:98:13-42
activity#com.tushar.spen_helper.Bhadva
ADDED from src\main\AndroidManifest.xml:103:9-108:20
	android:excludeFromRecents
		ADDED from src\main\AndroidManifest.xml:105:13-46
	android:noHistory
		ADDED from src\main\AndroidManifest.xml:106:13-37
	android:theme
		ADDED from src\main\AndroidManifest.xml:107:13-53
	android:name
		ADDED from src\main\AndroidManifest.xml:104:13-35
activity#com.tushar.spen_helper.LauncherActivity
ADDED from src\main\AndroidManifest.xml:109:9-116:20
	android:enabled
		ADDED from src\main\AndroidManifest.xml:111:13-35
	android:label
		ADDED from src\main\AndroidManifest.xml:114:13-60
	android:excludeFromRecents
		ADDED from src\main\AndroidManifest.xml:112:13-46
	android:exported
		ADDED from src\main\AndroidManifest.xml:113:13-36
	android:theme
		ADDED from src\main\AndroidManifest.xml:115:13-50
	android:name
		ADDED from src\main\AndroidManifest.xml:110:13-45
activity#com.tushar.spen_helper.Blacklist
ADDED from src\main\AndroidManifest.xml:117:9-120:20
	android:label
		ADDED from src\main\AndroidManifest.xml:119:13-61
	android:name
		ADDED from src\main\AndroidManifest.xml:118:13-38
receiver#com.tushar.spen_helper.DeviceAdmin
ADDED from src\main\AndroidManifest.xml:122:9-134:20
	android:enabled
		ADDED from src\main\AndroidManifest.xml:124:13-35
	android:exported
		ADDED from src\main\AndroidManifest.xml:125:13-36
	android:permission
		ADDED from src\main\AndroidManifest.xml:126:13-70
	android:name
		ADDED from src\main\AndroidManifest.xml:123:13-40
meta-data#android.app.device_admin
ADDED from src\main\AndroidManifest.xml:127:13-129:53
	android:resource
		ADDED from src\main\AndroidManifest.xml:129:17-50
	android:name
		ADDED from src\main\AndroidManifest.xml:128:17-56
intent-filter#android.app.action.DEVICE_ADMIN_ENABLED
ADDED from src\main\AndroidManifest.xml:131:13-133:29
action#android.app.action.DEVICE_ADMIN_ENABLED
ADDED from src\main\AndroidManifest.xml:132:17-82
	android:name
		ADDED from src\main\AndroidManifest.xml:132:25-79
activity#com.tushar.spen_helper.IconTheme
ADDED from src\main\AndroidManifest.xml:136:9-139:20
	android:label
		ADDED from src\main\AndroidManifest.xml:138:13-62
	android:name
		ADDED from src\main\AndroidManifest.xml:137:13-38
activity#com.tushar.spen_helper.AutoLaunchActivity
ADDED from src\main\AndroidManifest.xml:140:9-143:20
	android:label
		ADDED from src\main\AndroidManifest.xml:142:13-63
	android:name
		ADDED from src\main\AndroidManifest.xml:141:13-47
uses-sdk
INJECTED from src\main\AndroidManifest.xml reason: use-sdk injection requested
MERGED from [SPenHelper:aFileChooser:unspecified] AndroidManifest.xml:20:5-22:41
	android:targetSdkVersion
		INJECTED from src\main\AndroidManifest.xml
		INJECTED from src\main\AndroidManifest.xml
	android:minSdkVersion
		INJECTED from src\main\AndroidManifest.xml
		INJECTED from src\main\AndroidManifest.xml